<?xml version="1.0" encoding="UTF-8"?>
<testsuite xmlns:xsi="http://www.w3.org/2001/XMLSchema-instance" xsi:noNamespaceSchemaLocation="https://maven.apache.org/surefire/maven-surefire-plugin/xsd/surefire-test-report.xsd" name="com.epam.rd.autotasks.snail.SnailTest" time="0.188" tests="13" errors="0" skipped="0" failures="0">
  <properties>
[...]
</properties>
  <testcase name="test{String, String, String, String}[1]" classname="com.epam.rd.autotasks.snail.SnailTest" time="0.077"/>
  <testcase name="test{String, String, String, String}[2]" classname="com.epam.rd.autotasks.snail.SnailTest" time="0.003"/>
  <testcase name="test{String, String, String, String}[3]" classname="com.epam.rd.autotasks.snail.SnailTest" time="0.002"/>
  <testcase name="test{String, String, String, String}[4]" classname="com.epam.rd.autotasks.snail.SnailTest" time="0.003"/>
  <testcase name="test{String, String, String, String}[5]" classname="com.epam.rd.autotasks.snail.SnailTest" time="0.002"/>
  <testcase name="test{String, String, String, String}[6]" classname="com.epam.rd.autotasks.snail.SnailTest" time="0.004"/>
  <testcase name="test{String, String, String, String}[7]" classname="com.epam.rd.autotasks.snail.SnailTest" time="0.003"/>
  <testcase name="test{String, String, String, String}[8]" classname="com.epam.rd.autotasks.snail.SnailTest" time="0.003"/>
  <testcase name="test{String, String, String, String}[9]" classname="com.epam.rd.autotasks.snail.SnailTest" time="0.003"/>
  <testcase name="test{String, String, String, String}[10]" classname="com.epam.rd.autotasks.snail.SnailTest" time="0.002"/>
  <testcase name="test{String, String, String, String}[11]" classname="com.epam.rd.autotasks.snail.SnailTest" time="0.002"/>
  <testcase name="test{String, String, String, String}[12]" classname="com.epam.rd.autotasks.snail.SnailTest" time="0.002"/>
  <testcase name="test{String, String, String, String}[13]" classname="com.epam.rd.autotasks.snail.SnailTest" time="0.003"/>
</testsuite>